
*** Running vivado
    with args -log full_adder_subtractor.vds -m64 -product Vivado -mode batch -messageDb vivado.pb -notrace -source full_adder_subtractor.tcl



****** Vivado v2024.1 (64-bit)
  **** SW Build 5076996 on Wed May 22 18:37:14 MDT 2024
  **** IP Build 5075265 on Wed May 22 21:45:21 MDT 2024
  **** SharedData Build 5076995 on Wed May 22 18:29:18 MDT 2024
  **** Start of session at: Wed Oct 16 21:25:57 2024
    ** Copyright 1986-2022 Xilinx, Inc. All Rights Reserved.
    ** Copyright 2022-2024 Advanced Micro Devices, Inc. All Rights Reserved.

source full_adder_subtractor.tcl -notrace
create_project: Time (s): cpu = 00:00:04 ; elapsed = 00:00:09 . Memory (MB): peak = 516.203 ; gain = 201.082
Command: read_checkpoint -auto_incremental -incremental C:/ECE420/4_Bit_Adder_Subtractor/4_Bit_Adder_Subtractor.srcs/utils_1/imports/synth_1/full_adder.dcp
INFO: [Vivado 12-5825] Read reference checkpoint from C:/ECE420/4_Bit_Adder_Subtractor/4_Bit_Adder_Subtractor.srcs/utils_1/imports/synth_1/full_adder.dcp for incremental synthesis
INFO: [Vivado 12-7989] Please ensure there are no constraint changes
Command: synth_design -top full_adder_subtractor -part xc7k70tfbv676-1
Starting synth_design
Attempting to get a license for feature 'Synthesis' and/or device 'xc7k70t'
INFO: [Common 17-349] Got license for feature 'Synthesis' and/or device 'xc7k70t'
INFO: [Synth 8-7079] Multithreading enabled for synth_design using a maximum of 2 processes.
INFO: [Synth 8-7078] Launching helper process for spawning children vivado processes
INFO: [Synth 8-7075] Helper process launched with PID 33488
---------------------------------------------------------------------------------
Starting Synthesize : Time (s): cpu = 00:00:03 ; elapsed = 00:00:07 . Memory (MB): peak = 974.531 ; gain = 447.844
---------------------------------------------------------------------------------
INFO: [Synth 8-638] synthesizing module 'full_adder_subtractor' [C:/ECE420/4_Bit_Adder_Subtractor/4_Bit_Adder_Subtractor.srcs/sources_1/new/full_adder_subtractor.vhd:43]
INFO: [Synth 8-3491] module 'full_adder' declared at 'C:/ECE420/4_Bit_Adder_Subtractor/4_Bit_Adder_Subtractor.srcs/sources_1/new/full_adder.vhd:34' bound to instance 'FA0' of component 'full_adder' [C:/ECE420/4_Bit_Adder_Subtractor/4_Bit_Adder_Subtractor.srcs/sources_1/new/full_adder_subtractor.vhd:58]
INFO: [Synth 8-638] synthesizing module 'full_adder' [C:/ECE420/4_Bit_Adder_Subtractor/4_Bit_Adder_Subtractor.srcs/sources_1/new/full_adder.vhd:42]
INFO: [Synth 8-256] done synthesizing module 'full_adder' (0#1) [C:/ECE420/4_Bit_Adder_Subtractor/4_Bit_Adder_Subtractor.srcs/sources_1/new/full_adder.vhd:42]
INFO: [Synth 8-3491] module 'full_adder' declared at 'C:/ECE420/4_Bit_Adder_Subtractor/4_Bit_Adder_Subtractor.srcs/sources_1/new/full_adder.vhd:34' bound to instance 'FA1' of component 'full_adder' [C:/ECE420/4_Bit_Adder_Subtractor/4_Bit_Adder_Subtractor.srcs/sources_1/new/full_adder_subtractor.vhd:61]
INFO: [Synth 8-3491] module 'full_adder' declared at 'C:/ECE420/4_Bit_Adder_Subtractor/4_Bit_Adder_Subtractor.srcs/sources_1/new/full_adder.vhd:34' bound to instance 'FA2' of component 'full_adder' [C:/ECE420/4_Bit_Adder_Subtractor/4_Bit_Adder_Subtractor.srcs/sources_1/new/full_adder_subtractor.vhd:64]
INFO: [Synth 8-3491] module 'full_adder' declared at 'C:/ECE420/4_Bit_Adder_Subtractor/4_Bit_Adder_Subtractor.srcs/sources_1/new/full_adder.vhd:34' bound to instance 'FA3' of component 'full_adder' [C:/ECE420/4_Bit_Adder_Subtractor/4_Bit_Adder_Subtractor.srcs/sources_1/new/full_adder_subtractor.vhd:67]
INFO: [Synth 8-256] done synthesizing module 'full_adder_subtractor' (0#1) [C:/ECE420/4_Bit_Adder_Subtractor/4_Bit_Adder_Subtractor.srcs/sources_1/new/full_adder_subtractor.vhd:43]
---------------------------------------------------------------------------------
Finished Synthesize : Time (s): cpu = 00:00:03 ; elapsed = 00:00:09 . Memory (MB): peak = 1084.242 ; gain = 557.555
---------------------------------------------------------------------------------
---------------------------------------------------------------------------------
Finished Constraint Validation : Time (s): cpu = 00:00:04 ; elapsed = 00:00:10 . Memory (MB): peak = 1084.242 ; gain = 557.555
---------------------------------------------------------------------------------
---------------------------------------------------------------------------------
Start Loading Part and Timing Information
---------------------------------------------------------------------------------
Loading part: xc7k70tfbv676-1
INFO: [Device 21-403] Loading part xc7k70tfbv676-1
---------------------------------------------------------------------------------
Finished Loading Part and Timing Information : Time (s): cpu = 00:00:04 ; elapsed = 00:00:10 . Memory (MB): peak = 1084.242 ; gain = 557.555
---------------------------------------------------------------------------------
---------------------------------------------------------------------------------
Start Preparing Guide Design
---------------------------------------------------------------------------------
CRITICAL WARNING: [Synth 8-6895] The reference checkpoint C:/ECE420/4_Bit_Adder_Subtractor/4_Bit_Adder_Subtractor.srcs/utils_1/imports/synth_1/full_adder.dcp is not suitable for use with incremental synthesis for this design. Please regenerate the checkpoint for this design with -incremental_synth switch in the same Vivado session that synth_design has been run. Synthesis will continue with the default flow
---------------------------------------------------------------------------------
Finished Doing Graph Differ : Time (s): cpu = 00:00:04 ; elapsed = 00:00:10 . Memory (MB): peak = 1087.824 ; gain = 561.137
---------------------------------------------------------------------------------
---------------------------------------------------------------------------------
Finished Preparing Guide Design : Time (s): cpu = 00:00:04 ; elapsed = 00:00:10 . Memory (MB): peak = 1087.824 ; gain = 561.137
---------------------------------------------------------------------------------
---------------------------------------------------------------------------------
Finished RTL Optimization Phase 2 : Time (s): cpu = 00:00:04 ; elapsed = 00:00:10 . Memory (MB): peak = 1087.824 ; gain = 561.137
---------------------------------------------------------------------------------


Incremental Synthesis Report Summary:

1. Incremental synthesis run: no

   Reason for not running incremental synthesis : 


INFO: [Synth 8-7130] Flow is switching to default flow due to incremental criteria not met. If you would like to alter this behaviour and have the flow terminate instead, please set the following parameter config_implementation {autoIncr.Synth.RejectBehavior Terminate}
No constraint files found.
---------------------------------------------------------------------------------
Start RTL Component Statistics 
---------------------------------------------------------------------------------
Detailed RTL Component Info : 
+---XORs : 
	   2 Input      4 Bit         XORs := 1     
	   3 Input      1 Bit         XORs := 4     
---------------------------------------------------------------------------------
Finished RTL Component Statistics 
---------------------------------------------------------------------------------
---------------------------------------------------------------------------------
Start Part Resource Summary
---------------------------------------------------------------------------------
INFO: [Device 21-9227] Part: xc7k70tfbv676-1 does not have CEAM library.
Part Resources:
DSPs: 240 (col length:80)
BRAMs: 270 (col length: RAMB18 80 RAMB36 40)
---------------------------------------------------------------------------------
Finished Part Resource Summary
---------------------------------------------------------------------------------
No constraint files found.
---------------------------------------------------------------------------------
Start Cross Boundary and Area Optimization
---------------------------------------------------------------------------------
WARNING: [Synth 8-7080] Parallel synthesis criteria is not met
---------------------------------------------------------------------------------
Finished Cross Boundary and Area Optimization : Time (s): cpu = 00:00:06 ; elapsed = 00:00:18 . Memory (MB): peak = 1269.012 ; gain = 742.324
---------------------------------------------------------------------------------
No constraint files found.
---------------------------------------------------------------------------------
Start Timing Optimization
---------------------------------------------------------------------------------
---------------------------------------------------------------------------------
Finished Timing Optimization : Time (s): cpu = 00:00:07 ; elapsed = 00:00:18 . Memory (MB): peak = 1269.012 ; gain = 742.324
---------------------------------------------------------------------------------
---------------------------------------------------------------------------------
Start Technology Mapping
---------------------------------------------------------------------------------
---------------------------------------------------------------------------------
Finished Technology Mapping : Time (s): cpu = 00:00:07 ; elapsed = 00:00:18 . Memory (MB): peak = 1269.012 ; gain = 742.324
---------------------------------------------------------------------------------
---------------------------------------------------------------------------------
Start IO Insertion
---------------------------------------------------------------------------------
---------------------------------------------------------------------------------
Start Flattening Before IO Insertion
---------------------------------------------------------------------------------
---------------------------------------------------------------------------------
Finished Flattening Before IO Insertion
---------------------------------------------------------------------------------
---------------------------------------------------------------------------------
Start Final Netlist Cleanup
---------------------------------------------------------------------------------
---------------------------------------------------------------------------------
Finished Final Netlist Cleanup
---------------------------------------------------------------------------------
---------------------------------------------------------------------------------
Finished IO Insertion : Time (s): cpu = 00:00:09 ; elapsed = 00:00:23 . Memory (MB): peak = 1269.012 ; gain = 742.324
---------------------------------------------------------------------------------
---------------------------------------------------------------------------------
Start Renaming Generated Instances
---------------------------------------------------------------------------------
---------------------------------------------------------------------------------
Finished Renaming Generated Instances : Time (s): cpu = 00:00:09 ; elapsed = 00:00:23 . Memory (MB): peak = 1269.012 ; gain = 742.324
---------------------------------------------------------------------------------
---------------------------------------------------------------------------------
Start Rebuilding User Hierarchy
---------------------------------------------------------------------------------
---------------------------------------------------------------------------------
Finished Rebuilding User Hierarchy : Time (s): cpu = 00:00:09 ; elapsed = 00:00:23 . Memory (MB): peak = 1269.012 ; gain = 742.324
---------------------------------------------------------------------------------
---------------------------------------------------------------------------------
Start Renaming Generated Ports
---------------------------------------------------------------------------------
---------------------------------------------------------------------------------
Finished Renaming Generated Ports : Time (s): cpu = 00:00:09 ; elapsed = 00:00:23 . Memory (MB): peak = 1269.012 ; gain = 742.324
---------------------------------------------------------------------------------
---------------------------------------------------------------------------------
Start Handling Custom Attributes
---------------------------------------------------------------------------------
---------------------------------------------------------------------------------
Finished Handling Custom Attributes : Time (s): cpu = 00:00:09 ; elapsed = 00:00:23 . Memory (MB): peak = 1269.012 ; gain = 742.324
---------------------------------------------------------------------------------
---------------------------------------------------------------------------------
Start Renaming Generated Nets
---------------------------------------------------------------------------------
---------------------------------------------------------------------------------
Finished Renaming Generated Nets : Time (s): cpu = 00:00:09 ; elapsed = 00:00:23 . Memory (MB): peak = 1269.012 ; gain = 742.324
---------------------------------------------------------------------------------
---------------------------------------------------------------------------------
Start Writing Synthesis Report
---------------------------------------------------------------------------------

Report BlackBoxes: 
+-+--------------+----------+
| |BlackBox name |Instances |
+-+--------------+----------+
+-+--------------+----------+

Report Cell Usage: 
+------+-----+------+
|      |Cell |Count |
+------+-----+------+
|1     |LUT4 |     2|
|2     |LUT6 |     4|
|3     |IBUF |    10|
|4     |OBUF |     5|
+------+-----+------+

Report Instance Areas: 
+------+---------+-------+------+
|      |Instance |Module |Cells |
+------+---------+-------+------+
|1     |top      |       |    21|
+------+---------+-------+------+
---------------------------------------------------------------------------------
Finished Writing Synthesis Report : Time (s): cpu = 00:00:09 ; elapsed = 00:00:23 . Memory (MB): peak = 1269.012 ; gain = 742.324
---------------------------------------------------------------------------------
Synthesis finished with 0 errors, 1 critical warnings and 1 warnings.
Synthesis Optimization Runtime : Time (s): cpu = 00:00:09 ; elapsed = 00:00:23 . Memory (MB): peak = 1269.012 ; gain = 742.324
Synthesis Optimization Complete : Time (s): cpu = 00:00:09 ; elapsed = 00:00:23 . Memory (MB): peak = 1269.012 ; gain = 742.324
INFO: [Project 1-571] Translating synthesized netlist
Netlist sorting complete. Time (s): cpu = 00:00:00 ; elapsed = 00:00:00 . Memory (MB): peak = 1272.910 ; gain = 0.000
INFO: [Project 1-570] Preparing netlist for logic optimization
INFO: [Opt 31-138] Pushed 0 inverter(s) to 0 load pin(s).
Netlist sorting complete. Time (s): cpu = 00:00:00 ; elapsed = 00:00:00 . Memory (MB): peak = 1370.262 ; gain = 0.000
INFO: [Project 1-111] Unisim Transformation Summary:
No Unisim elements were transformed.

Synth Design complete | Checksum: f604e02f
INFO: [Common 17-83] Releasing license: Synthesis
22 Infos, 1 Warnings, 1 Critical Warnings and 0 Errors encountered.
synth_design completed successfully
synth_design: Time (s): cpu = 00:00:10 ; elapsed = 00:00:26 . Memory (MB): peak = 1370.262 ; gain = 849.871
INFO: [runtcl-6] Synthesis results are not added to the cache due to CRITICAL_WARNING
Write ShapeDB Complete: Time (s): cpu = 00:00:00 ; elapsed = 00:00:00.001 . Memory (MB): peak = 1370.262 ; gain = 0.000
INFO: [Common 17-1381] The checkpoint 'C:/ECE420/4_Bit_Adder_Subtractor/4_Bit_Adder_Subtractor.runs/synth_1/full_adder_subtractor.dcp' has been generated.
INFO: [Vivado 12-24828] Executing command : report_utilization -file full_adder_subtractor_utilization_synth.rpt -pb full_adder_subtractor_utilization_synth.pb
INFO: [Common 17-206] Exiting Vivado at Wed Oct 16 21:26:36 2024...
