Vivado Simulator v2024.1
Copyright 1986-2022 Xilinx, Inc. All Rights Reserved.
Copyright 2022-2024 Advanced Micro Devices, Inc. All Rights Reserved.
Running: C:/ECE420/Vivado/2024.1/bin/unwrapped/win64.o/xelab.exe --incr --debug typical --relax --mt 2 -L xil_defaultlib -L secureip --snapshot Signed_4x4_Multiplier_TB_behav xil_defaultlib.Signed_4x4_Multiplier_TB -log elaborate.log 
Using 2 slave threads.
Starting static elaboration
Completed static elaboration
Starting simulation data flow analysis
Completed simulation data flow analysis
Time Resolution for simulation is 1ps
Compiling package std.standard
Compiling package std.textio
Compiling package ieee.std_logic_1164
Compiling package ieee.numeric_std
Compiling architecture behavioral of entity xil_defaultlib.HA [ha_default]
Compiling architecture behavioral of entity xil_defaultlib.FA [fa_default]
Compiling architecture behavioral of entity xil_defaultlib.HS [hs_default]
Compiling architecture behavioral of entity xil_defaultlib.FS [fs_default]
Compiling architecture behavioral of entity xil_defaultlib.Signed_4x4_Multiplier [signed_4x4_multiplier_default]
Compiling architecture behavioral of entity xil_defaultlib.signed_4x4_multiplier_tb
Built simulation snapshot Signed_4x4_Multiplier_TB_behav
