Time resolution is 1 ps
Note: Read v_ADD_TERM1 (decimal): 0
Time: 0 ps  Iteration: 0  Process: /unsigned_multiplier1_TB/line__51  File: C:/ECE420/ECELab7Assignment/ECELab7Assignment.srcs/sim_1/new/unsigned_multiplier1_TB.vhd
Note: Read v_ADD_TERM2 (hexadecimal): 10
Time: 0 ps  Iteration: 0  Process: /unsigned_multiplier1_TB/line__51  File: C:/ECE420/ECELab7Assignment/ECELab7Assignment.srcs/sim_1/new/unsigned_multiplier1_TB.vhd
Note: Read v_ADD_TERM1 (decimal): 1
Time: 30 ns  Iteration: 0  Process: /unsigned_multiplier1_TB/line__51  File: C:/ECE420/ECELab7Assignment/ECELab7Assignment.srcs/sim_1/new/unsigned_multiplier1_TB.vhd
Note: Read v_ADD_TERM2 (hexadecimal): 11
Time: 30 ns  Iteration: 0  Process: /unsigned_multiplier1_TB/line__51  File: C:/ECE420/ECELab7Assignment/ECELab7Assignment.srcs/sim_1/new/unsigned_multiplier1_TB.vhd
Note: Read v_ADD_TERM1 (decimal): 2
Time: 60 ns  Iteration: 0  Process: /unsigned_multiplier1_TB/line__51  File: C:/ECE420/ECELab7Assignment/ECELab7Assignment.srcs/sim_1/new/unsigned_multiplier1_TB.vhd
Note: Read v_ADD_TERM2 (hexadecimal): 12
Time: 60 ns  Iteration: 0  Process: /unsigned_multiplier1_TB/line__51  File: C:/ECE420/ECELab7Assignment/ECELab7Assignment.srcs/sim_1/new/unsigned_multiplier1_TB.vhd
Note: Read v_ADD_TERM1 (decimal): 3
Time: 90 ns  Iteration: 0  Process: /unsigned_multiplier1_TB/line__51  File: C:/ECE420/ECELab7Assignment/ECELab7Assignment.srcs/sim_1/new/unsigned_multiplier1_TB.vhd
Note: Read v_ADD_TERM2 (hexadecimal): 13
Time: 90 ns  Iteration: 0  Process: /unsigned_multiplier1_TB/line__51  File: C:/ECE420/ECELab7Assignment/ECELab7Assignment.srcs/sim_1/new/unsigned_multiplier1_TB.vhd
Note: Read v_ADD_TERM1 (decimal): 4
Time: 120 ns  Iteration: 0  Process: /unsigned_multiplier1_TB/line__51  File: C:/ECE420/ECELab7Assignment/ECELab7Assignment.srcs/sim_1/new/unsigned_multiplier1_TB.vhd
Note: Read v_ADD_TERM2 (hexadecimal): 14
Time: 120 ns  Iteration: 0  Process: /unsigned_multiplier1_TB/line__51  File: C:/ECE420/ECELab7Assignment/ECELab7Assignment.srcs/sim_1/new/unsigned_multiplier1_TB.vhd
Note: Read v_ADD_TERM1 (decimal): 5
Time: 150 ns  Iteration: 0  Process: /unsigned_multiplier1_TB/line__51  File: C:/ECE420/ECELab7Assignment/ECELab7Assignment.srcs/sim_1/new/unsigned_multiplier1_TB.vhd
Note: Read v_ADD_TERM2 (hexadecimal): 15
Time: 150 ns  Iteration: 0  Process: /unsigned_multiplier1_TB/line__51  File: C:/ECE420/ECELab7Assignment/ECELab7Assignment.srcs/sim_1/new/unsigned_multiplier1_TB.vhd
Note: Read v_ADD_TERM1 (decimal): 6
Time: 180 ns  Iteration: 0  Process: /unsigned_multiplier1_TB/line__51  File: C:/ECE420/ECELab7Assignment/ECELab7Assignment.srcs/sim_1/new/unsigned_multiplier1_TB.vhd
Note: Read v_ADD_TERM2 (hexadecimal): 1
Time: 180 ns  Iteration: 0  Process: /unsigned_multiplier1_TB/line__51  File: C:/ECE420/ECELab7Assignment/ECELab7Assignment.srcs/sim_1/new/unsigned_multiplier1_TB.vhd
Note: Read v_ADD_TERM1 (decimal): 7
Time: 210 ns  Iteration: 0  Process: /unsigned_multiplier1_TB/line__51  File: C:/ECE420/ECELab7Assignment/ECELab7Assignment.srcs/sim_1/new/unsigned_multiplier1_TB.vhd
Note: Read v_ADD_TERM2 (hexadecimal): 1
Time: 210 ns  Iteration: 0  Process: /unsigned_multiplier1_TB/line__51  File: C:/ECE420/ECELab7Assignment/ECELab7Assignment.srcs/sim_1/new/unsigned_multiplier1_TB.vhd
Note: Read v_ADD_TERM1 (decimal): 8
Time: 240 ns  Iteration: 0  Process: /unsigned_multiplier1_TB/line__51  File: C:/ECE420/ECELab7Assignment/ECELab7Assignment.srcs/sim_1/new/unsigned_multiplier1_TB.vhd
Note: Read v_ADD_TERM2 (hexadecimal): 1
Time: 240 ns  Iteration: 0  Process: /unsigned_multiplier1_TB/line__51  File: C:/ECE420/ECELab7Assignment/ECELab7Assignment.srcs/sim_1/new/unsigned_multiplier1_TB.vhd
Note: Read v_ADD_TERM1 (decimal): 9
Time: 270 ns  Iteration: 0  Process: /unsigned_multiplier1_TB/line__51  File: C:/ECE420/ECELab7Assignment/ECELab7Assignment.srcs/sim_1/new/unsigned_multiplier1_TB.vhd
Note: Read v_ADD_TERM2 (hexadecimal): 1
Time: 270 ns  Iteration: 0  Process: /unsigned_multiplier1_TB/line__51  File: C:/ECE420/ECELab7Assignment/ECELab7Assignment.srcs/sim_1/new/unsi